Сборка начата 15.10.2018 21:46:17.
     1>Проект "C:\Users\Александр\Desktop\Саша\Учеба\6 сем\ИТИБ 6 сем\Lab1\Lab1\Lab1.vcxproj" в узле 2 (целевые объекты Build).
     1>ClCompile:
         C:\Program Files (x86)\Microsoft Visual Studio 12.0\VC\bin\CL.exe /c /ZI /nologo /W3 /WX- /sdl /Od /Oy- /D WIN32 /D _DEBUG /D _CONSOLE /D _LIB /D _UNICODE /D UNICODE /Gm /EHsc /RTC1 /MDd /GS /fp:precise /Zc:wchar_t /Zc:forScope /Yu"stdafx.h" /Fp"Debug\Lab1.pch" /Fo"Debug\\" /Fd"Debug\vc120.pdb" /Gd /TP /analyze- /errorReport:prompt Lab1.cpp
         Lab1.cpp
     1>c:\users\александр\desktop\саша\учеба\6 сем\итиб 6 сем\lab1\lab1\lab1.cpp(28): warning C4800: int: принудительно задано логическое значение "true" или "false" (предупреждение о производительности)
     1>c:\users\александр\desktop\саша\учеба\6 сем\итиб 6 сем\lab1\lab1\lab1.cpp(50): warning C4244: =: преобразование "double" в "float", возможна потеря данных
     1>c:\users\александр\desktop\саша\учеба\6 сем\итиб 6 сем\lab1\lab1\lab1.cpp(53): warning C4244: =: преобразование "double" в "float", возможна потеря данных
     1>c:\users\александр\desktop\саша\учеба\6 сем\итиб 6 сем\lab1\lab1\lab1.cpp(59): warning C4244: =: преобразование "double" в "float", возможна потеря данных
     1>c:\users\александр\desktop\саша\учеба\6 сем\итиб 6 сем\lab1\lab1\lab1.cpp(187): warning C4244: =: преобразование "int" в "float", возможна потеря данных
     1>c:\users\александр\desktop\саша\учеба\6 сем\итиб 6 сем\lab1\lab1\lab1.cpp(201): warning C4244: +=: преобразование "float" в "int", возможна потеря данных
     1>c:\users\александр\desktop\саша\учеба\6 сем\итиб 6 сем\lab1\lab1\lab1.cpp(239): warning C4244: =: преобразование "int" в "float", возможна потеря данных
     1>c:\users\александр\desktop\саша\учеба\6 сем\итиб 6 сем\lab1\lab1\lab1.cpp(253): warning C4244: +=: преобразование "float" в "int", возможна потеря данных
       Link:
         C:\Program Files (x86)\Microsoft Visual Studio 12.0\VC\bin\link.exe /ERRORREPORT:PROMPT /OUT:"C:\Users\Александр\Desktop\Саша\Учеба\6 сем\ИТИБ 6 сем\Lab1\Debug\Lab1.exe" /INCREMENTAL /NOLOGO kernel32.lib user32.lib gdi32.lib winspool.lib comdlg32.lib advapi32.lib shell32.lib ole32.lib oleaut32.lib uuid.lib odbc32.lib odbccp32.lib /MANIFEST /MANIFESTUAC:"level='asInvoker' uiAccess='false'" /manifest:embed /DEBUG /PDB:"C:\Users\Александр\Desktop\Саша\Учеба\6 сем\ИТИБ 6 сем\Lab1\Debug\Lab1.pdb" /SUBSYSTEM:CONSOLE /TLBID:1 /DYNAMICBASE /NXCOMPAT /IMPLIB:"C:\Users\Александр\Desktop\Саша\Учеба\6 сем\ИТИБ 6 сем\Lab1\Debug\Lab1.lib" /MACHINE:X86 Debug\Lab1.obj
         Debug\stdafx.obj
         Lab1.vcxproj -> C:\Users\Александр\Desktop\Саша\Учеба\6 сем\ИТИБ 6 сем\Lab1\Debug\Lab1.exe
     1>Сборка проекта "C:\Users\Александр\Desktop\Саша\Учеба\6 сем\ИТИБ 6 сем\Lab1\Lab1\Lab1.vcxproj" завершена (целевые объекты Build).

Сборка успешно завершена.

Затраченное время: 00:00:00.82
